<?xml version="1.0" encoding="UTF-8"?>
<!DOCTYPE application PUBLIC '-//Sun Microsystems, Inc.//DTD J2EE Application 1.3//EN' 'http://java.sun.com/dtd/application_1_3.dtd'>
<application>
  <display-name>TestRemote</display-name>
  <description>Test Remote Application on JOnAS Server</description>
  <module>
    <web>
      <web-uri>bsf-remote-server.war</web-uri>
      <context-root>remoting</context-root>
    </web>
  </module>
  <module>
    <ejb>test-jonas-remote.jar</ejb>
  </module>
</application>
